<?xml version="1.0" encoding="UTF-8"?>
<!-- Generated by org.testng.reporters.JUnitXMLReporter -->
<testsuite ignored="1" hostname="DESKTOP-MVV1HI5" failures="0" tests="7" name="Car Loan" time="0.012" errors="0" timestamp="2023-03-11T23:54:51 TRT">
  <testcase classname="TestNG.Demo3_Test" name="MobileloginCarLoan" time="0.001"/>
  <testcase classname="TestNG.Demo3_Test" name="WebloginCarLoan" time="0.0"/>
  <testcase classname="TestNG.Demo4_Test" name="LoginAPIHomeLoan" time="0.0"/>
  <testcase classname="TestNG.Demo4_Test" name="LoginAPIHomeLoan" time="0.0"/>
  <testcase classname="TestNG.Demo4_Test" name="LoginAPIHomeLoan" time="0.0"/>
  <testcase classname="TestNG.Demo4_Test" name="MobileloginHomeLoan" time="0.0"/>
  <testcase classname="TestNG.Demo3_Test" name="LoginAPICarLoan" time="0.0"/>
  <testcase classname="TestNG.Demo4_Test" name="WebloginHomeLoan" time="0.0">
    <ignored/>
  </testcase> <!-- WebloginHomeLoan -->
</testsuite> <!-- Car Loan -->
